#
# A fatal error has been detected by the Java Runtime Environment:
#
#  EXCEPTION_ACCESS_VIOLATION (0xc0000005) at pc=0xffffffffa3665160, pid=4764, tid=5196
#
# JRE version: Java(TM) SE Runtime Environment (7.0_45-b18) (build 1.7.0_45-b18)
# Java VM: Java HotSpot(TM) 64-Bit Server VM (24.45-b08 mixed mode windows-amd64 compressed oops)
# Problematic frame:
# C  0xffffffffa3665160
#
# Failed to write core dump. Minidumps are not enabled by default on client versions of Windows
#
# If you would like to submit a bug report, please visit:
#   http://bugreport.sun.com/bugreport/crash.jsp
#

---------------  T H R E A D  ---------------

Current thread (0x00000000002ce800):  JavaThread "main" [_thread_in_Java, id=5196, stack(0x0000000002270000,0x0000000002370000)]

siginfo: ExceptionCode=0xc0000005, reading address 0xffffffffa3665160

Registers:
RAX=0x00000000db4e2fe8, RBX=0x00000000db4e2fe8, RCX=0x00000000e37c9298, RDX=0x00000000e37c9298
RSP=0x000000000236d298, RBP=0x000000000236d2f8, RSI=0x00000000f9549a70, RDI=0x00000000dae0add8
R8 =0x0000000000000000, R9 =0x0000000004f89000, R10=0x000000005eb9cc00, R11=0x000000000273da10
R12=0x0000000000000000, R13=0x000000000236d2b0, R14=0x00000000db717d58, R15=0x00000000002ce800
RIP=0xffffffffa3665160, EFLAGS=0x0000000000010206

Top of Stack: (sp=0x000000000236d298)
0x000000000236d298:   00000000026663f0 00000000026663f0
0x000000000236d2a8:   00000000026663f0 00000000e37c9298
0x000000000236d2b8:   000000000236d2b8 00000000db3e5d46
0x000000000236d2c8:   000000000236d330 00000000db4ddd78
0x000000000236d2d8:   00000000db717d58 00000000db3e5fd8
0x000000000236d2e8:   000000000236d2b0 000000000236d340
0x000000000236d2f8:   0000000000000020 000000000276e20c
0x000000000236d308:   0000000000000000 0000000000000000
0x000000000236d318:   0000000000000000 0000000000000001
0x000000000236d328:   0000000100000000 00000000e210edd0
0x000000000236d338:   000000000276e20c f9549a700000001f
0x000000000236d348:   000000110000000e 00000000e210edd0
0x000000000236d358:   00000000f9549a10 00041f7b00000011
0x000000000236d368:   00000000f954b7d8 f9549b0000000015
0x000000000236d378:   00041f7bf954b348 0000000100000000
0x000000000236d388:   00000000e3a07e90 00000000db5cebf0 

Instructions: (pc=0xffffffffa3665160)
0xffffffffa3665140:   
[error occurred during error reporting (printing registers, top of stack, instructions near pc), id 0xc0000005]

Register to memory mapping:

RAX=0x00000000db4e2fe8 is an oop
{method} 
 - klass: {other class}
RBX=0x00000000db4e2fe8 is an oop
{method} 
 - klass: {other class}
RCX=0x00000000e37c9298 is an oop
java.io.ObjectInputStream$BlockDataInputStream 
 - klass: 'java/io/ObjectInputStream$BlockDataInputStream'
RDX=0x00000000e37c9298 is an oop
java.io.ObjectInputStream$BlockDataInputStream 
 - klass: 'java/io/ObjectInputStream$BlockDataInputStream'
RSP=0x000000000236d298 is pointing into the stack for thread: 0x00000000002ce800
RBP=0x000000000236d2f8 is pointing into the stack for thread: 0x00000000002ce800
RSI=0x00000000f9549a70 is an oop
[Ljava.lang.Object; 
 - klass: 'java/lang/Object'[]
 - length: 32
RDI=0x00000000dae0add8 is an oop
{instance class} 
 - klass: {other class}
R8 =0x0000000000000000 is an unknown value
R9 =0x0000000004f89000 is an unknown value
R10=0x000000005eb9cc00 is an unknown value
R11=0x000000000273da10 is at entry_point+16 in (nmethod*)0x000000000273d890
R12=0x0000000000000000 is an unknown value
R13=0x000000000236d2b0 is pointing into the stack for thread: 0x00000000002ce800
R14=0x00000000db717d58 is pointing into object: 0x00000000db717b90
{method data} 
 - klass: {other class}
R15=0x00000000002ce800 is a thread


Stack: [0x0000000002270000,0x0000000002370000],  sp=0x000000000236d298,  free space=1012k
Native frames: (J=compiled Java code, j=interpreted, Vv=VM code, C=native code)
C  0xffffffffa3665160


---------------  P R O C E S S  ---------------

Java Threads: ( => current thread )
  0x0000000009e62800 JavaThread "qtp1209806967-26" [_thread_blocked, id=4636, stack(0x000000000c410000,0x000000000c510000)]
  0x000000000acbe800 JavaThread "qtp1209806967-25" [_thread_blocked, id=5776, stack(0x000000000c260000,0x000000000c360000)]
  0x000000000ad7c800 JavaThread "qtp1209806967-24" [_thread_blocked, id=1380, stack(0x000000000be50000,0x000000000bf50000)]
  0x000000000b01a800 JavaThread "qtp1209806967-23" [_thread_blocked, id=1812, stack(0x000000000c0d0000,0x000000000c1d0000)]
  0x000000000a8ab800 JavaThread "qtp1209806967-22" [_thread_blocked, id=6000, stack(0x000000000bf50000,0x000000000c050000)]
  0x00000000091ef800 JavaThread "qtp1209806967-21" [_thread_blocked, id=4844, stack(0x000000000bca0000,0x000000000bda0000)]
  0x000000000a995800 JavaThread "qtp1209806967-20 Acceptor0 SelectChannelConnector@0.0.0.0:53578" [_thread_in_native, id=5188, stack(0x000000000bb70000,0x000000000bc70000)]
  0x000000000aa7f000 JavaThread "qtp1209806967-19 Selector0" [_thread_in_native, id=4404, stack(0x000000000ba20000,0x000000000bb20000)]
  0x0000000009de3000 JavaThread "HashSessionScavenger-0" daemon [_thread_blocked, id=3804, stack(0x000000000a570000,0x000000000a670000)]
  0x000000000a8b2000 JavaThread "Keep-Alive-Timer" daemon [_thread_blocked, id=3472, stack(0x000000000b890000,0x000000000b990000)]
  0x000000000a173800 JavaThread "GC Daemon" daemon [_thread_blocked, id=2872, stack(0x000000000a670000,0x000000000a770000)]
  0x0000000009f0c800 JavaThread "pool-1-thread-1" [_thread_blocked, id=3576, stack(0x000000000a3d0000,0x000000000a4d0000)]
  0x0000000007297800 JavaThread "Service Thread" daemon [_thread_blocked, id=2672, stack(0x0000000008cf0000,0x0000000008df0000)]
  0x0000000007293800 JavaThread "C2 CompilerThread1" daemon [_thread_blocked, id=944, stack(0x0000000008630000,0x0000000008730000)]
  0x0000000007291800 JavaThread "C2 CompilerThread0" daemon [_thread_blocked, id=3160, stack(0x0000000008b90000,0x0000000008c90000)]
  0x000000000728f800 JavaThread "Attach Listener" daemon [_thread_blocked, id=3140, stack(0x00000000089b0000,0x0000000008ab0000)]
  0x0000000007287800 JavaThread "Signal Dispatcher" daemon [_thread_blocked, id=4560, stack(0x0000000008740000,0x0000000008840000)]
  0x0000000007236800 JavaThread "Finalizer" daemon [_thread_blocked, id=2952, stack(0x00000000081e0000,0x00000000082e0000)]
  0x000000000722d000 JavaThread "Reference Handler" daemon [_thread_blocked, id=1296, stack(0x00000000084f0000,0x00000000085f0000)]
=>0x00000000002ce800 JavaThread "main" [_thread_in_Java, id=5196, stack(0x0000000002270000,0x0000000002370000)]

Other Threads:
  0x0000000007229800 VMThread [stack: 0x00000000082e0000,0x00000000083e0000] [id=5628]
  0x00000000072a9800 WatcherThread [stack: 0x00000000083f0000,0x00000000084f0000] [id=5220]

VM state:not at safepoint (normal execution)

VM Mutex/Monitor currently owned by a thread: None

Heap
 PSYoungGen      total 140288K, used 66314K [0x00000000f5500000, 0x0000000100000000, 0x0000000100000000)
  eden space 135168K, 49% used [0x00000000f5500000,0x00000000f95c2a80,0x00000000fd900000)
  from space 5120K, 0% used [0x00000000fd900000,0x00000000fd900000,0x00000000fde00000)
  to   space 5120K, 0% used [0x00000000ffb00000,0x00000000ffb00000,0x0000000100000000)
 ParOldGen       total 161792K, used 70492K [0x00000000e0000000, 0x00000000e9e00000, 0x00000000f5500000)
  object space 161792K, 43% used [0x00000000e0000000,0x00000000e44d72f0,0x00000000e9e00000)
 PSPermGen       total 31232K, used 17581K [0x00000000dae00000, 0x00000000dcc80000, 0x00000000e0000000)
  object space 31232K, 56% used [0x00000000dae00000,0x00000000dbf2b7b0,0x00000000dcc80000)

Card table byte_map: [0x0000000005660000,0x0000000005790000] byte_map_base: 0x0000000004f89000

Polling page: 0x0000000000110000

Code Cache  [0x0000000002660000, 0x00000000028d0000, 0x0000000005660000)
 total_blobs=919 nmethods=561 adapters=311 free_code_cache=47439Kb largest_free_block=48516032

Compilation events (10 events):
Event: 4.332 Thread 0x0000000007293800 nmethod 577% 0x0000000002809150 code [0x00000000028092a0, 0x0000000002809518]
Event: 4.332 Thread 0x0000000007291800  578             java.util.Arrays::fill (28 bytes)
Event: 4.334 Thread 0x0000000007293800  579             java.io.ObjectStreamClass::getResolveException (5 bytes)
Event: 4.334 Thread 0x0000000007293800 nmethod 579 0x0000000002809610 code [0x0000000002809740, 0x0000000002809798]
Event: 4.340 Thread 0x0000000007291800 nmethod 578 0x0000000002736050 code [0x00000000027361a0, 0x00000000027365a8]
Event: 4.340 Thread 0x0000000007293800  580 %           java.util.Arrays::fill @ 10 (28 bytes)
Event: 4.343 Thread 0x0000000007291800  581             java.io.ObjectInputStream$BlockDataInputStream::currentBlockRemaining (41 bytes)
Event: 4.344 Thread 0x0000000007291800 nmethod 581 0x0000000002723ad0 code [0x0000000002723c00, 0x0000000002723c78]
Event: 4.345 Thread 0x0000000007291800  582   !         java.io.ObjectInputStream::readObject0 (554 bytes)
Event: 4.350 Thread 0x0000000007293800 nmethod 580% 0x0000000002735890 code [0x00000000027359e0, 0x0000000002735f38]

GC Heap History (10 events):
Event: 1.538 GC heap before
{Heap before GC invocations=3 (full 0):
 PSYoungGen      total 72704K, used 72672K [0x00000000f5500000, 0x00000000fa100000, 0x0000000100000000)
  eden space 67584K, 100% used [0x00000000f5500000,0x00000000f9700000,0x00000000f9700000)
  from space 5120K, 99% used [0x00000000f9c00000,0x00000000fa0f8060,0x00000000fa100000)
  to   space 5120K, 0% used [0x00000000f9700000,0x00000000f9700000,0x00000000f9c00000)
 ParOldGen       total 87040K, used 23827K [0x00000000e0000000, 0x00000000e5500000, 0x00000000f5500000)
  object space 87040K, 27% used [0x00000000e0000000,0x00000000e1744f50,0x00000000e5500000)
 PSPermGen       total 21504K, used 11822K [0x00000000dae00000, 0x00000000dc300000, 0x00000000e0000000)
  object space 21504K, 54% used [0x00000000dae00000,0x00000000db98b828,0x00000000dc300000)
Event: 1.573 GC heap after
Heap after GC invocations=3 (full 0):
 PSYoungGen      total 72704K, used 5104K [0x00000000f5500000, 0x00000000fe300000, 0x0000000100000000)
  eden space 67584K, 0% used [0x00000000f5500000,0x00000000f5500000,0x00000000f9700000)
  from space 5120K, 99% used [0x00000000f9700000,0x00000000f9bfc070,0x00000000f9c00000)
  to   space 5120K, 0% used [0x00000000fde00000,0x00000000fde00000,0x00000000fe300000)
 ParOldGen       total 87040K, used 32250K [0x00000000e0000000, 0x00000000e5500000, 0x00000000f5500000)
  object space 87040K, 37% used [0x00000000e0000000,0x00000000e1f7eaf0,0x00000000e5500000)
 PSPermGen       total 21504K, used 11822K [0x00000000dae00000, 0x00000000dc300000, 0x00000000e0000000)
  object space 21504K, 54% used [0x00000000dae00000,0x00000000db98b828,0x00000000dc300000)
}
Event: 1.573 GC heap before
{Heap before GC invocations=4 (full 0):
 PSYoungGen      total 72704K, used 5499K [0x00000000f5500000, 0x00000000fe300000, 0x0000000100000000)
  eden space 67584K, 0% used [0x00000000f5500000,0x00000000f5562f68,0x00000000f9700000)
  from space 5120K, 99% used [0x00000000f9700000,0x00000000f9bfc070,0x00000000f9c00000)
  to   space 5120K, 0% used [0x00000000fde00000,0x00000000fde00000,0x00000000fe300000)
 ParOldGen       total 87040K, used 32250K [0x00000000e0000000, 0x00000000e5500000, 0x00000000f5500000)
  object space 87040K, 37% used [0x00000000e0000000,0x00000000e1f7eaf0,0x00000000e5500000)
 PSPermGen       total 21504K, used 11822K [0x00000000dae00000, 0x00000000dc300000, 0x00000000e0000000)
  object space 21504K, 54% used [0x00000000dae00000,0x00000000db98b828,0x00000000dc300000)
Event: 1.588 GC heap after
Heap after GC invocations=4 (full 0):
 PSYoungGen      total 140288K, used 5088K [0x00000000f5500000, 0x00000000fe300000, 0x0000000100000000)
  eden space 135168K, 0% used [0x00000000f5500000,0x00000000f5500000,0x00000000fd900000)
  from space 5120K, 99% used [0x00000000fde00000,0x00000000fe2f8060,0x00000000fe300000)
  to   space 5120K, 0% used [0x00000000fd900000,0x00000000fd900000,0x00000000fde00000)
 ParOldGen       total 87040K, used 32362K [0x00000000e0000000, 0x00000000e5500000, 0x00000000f5500000)
  object space 87040K, 37% used [0x00000000e0000000,0x00000000e1f9aaf0,0x00000000e5500000)
 PSPermGen       total 21504K, used 11822K [0x00000000dae00000, 0x00000000dc300000, 0x00000000e0000000)
  object space 21504K, 54% used [0x00000000dae00000,0x00000000db98b828,0x00000000dc300000)
}
Event: 1.588 GC heap before
{Heap before GC invocations=5 (full 1):
 PSYoungGen      total 140288K, used 5088K [0x00000000f5500000, 0x00000000fe300000, 0x0000000100000000)
  eden space 135168K, 0% used [0x00000000f5500000,0x00000000f5500000,0x00000000fd900000)
  from space 5120K, 99% used [0x00000000fde00000,0x00000000fe2f8060,0x00000000fe300000)
  to   space 5120K, 0% used [0x00000000fd900000,0x00000000fd900000,0x00000000fde00000)
 ParOldGen       total 87040K, used 32362K [0x00000000e0000000, 0x00000000e5500000, 0x00000000f5500000)
  object space 87040K, 37% used [0x00000000e0000000,0x00000000e1f9aaf0,0x00000000e5500000)
 PSPermGen       total 21504K, used 11822K [0x00000000dae00000, 0x00000000dc300000, 0x00000000e0000000)
  object space 21504K, 54% used [0x00000000dae00000,0x00000000db98b828,0x00000000dc300000)
Event: 1.819 GC heap after
Heap after GC invocations=5 (full 1):
 PSYoungGen      total 140288K, used 0K [0x00000000f5500000, 0x00000000fe300000, 0x0000000100000000)
  eden space 135168K, 0% used [0x00000000f5500000,0x00000000f5500000,0x00000000fd900000)
  from space 5120K, 0% used [0x00000000fde00000,0x00000000fde00000,0x00000000fe300000)
  to   space 5120K, 0% used [0x00000000fd900000,0x00000000fd900000,0x00000000fde00000)
 ParOldGen       total 87040K, used 34950K [0x00000000e0000000, 0x00000000e5500000, 0x00000000f5500000)
  object space 87040K, 40% used [0x00000000e0000000,0x00000000e2221908,0x00000000e5500000)
 PSPermGen       total 24064K, used 11817K [0x00000000dae00000, 0x00000000dc580000, 0x00000000e0000000)
  object space 24064K, 49% used [0x00000000dae00000,0x00000000db98a750,0x00000000dc580000)
}
Event: 3.092 GC heap before
{Heap before GC invocations=6 (full 1):
 PSYoungGen      total 140288K, used 135168K [0x00000000f5500000, 0x00000000fe300000, 0x0000000100000000)
  eden space 135168K, 100% used [0x00000000f5500000,0x00000000fd900000,0x00000000fd900000)
  from space 5120K, 0% used [0x00000000fde00000,0x00000000fde00000,0x00000000fe300000)
  to   space 5120K, 0% used [0x00000000fd900000,0x00000000fd900000,0x00000000fde00000)
 ParOldGen       total 87040K, used 34950K [0x00000000e0000000, 0x00000000e5500000, 0x00000000f5500000)
  object space 87040K, 40% used [0x00000000e0000000,0x00000000e2221908,0x00000000e5500000)
 PSPermGen       total 24064K, used 17567K [0x00000000dae00000, 0x00000000dc580000, 0x00000000e0000000)
  object space 24064K, 73% used [0x00000000dae00000,0x00000000dbf27d70,0x00000000dc580000)
Event: 3.188 GC heap after
Heap after GC invocations=6 (full 1):
 PSYoungGen      total 140288K, used 5089K [0x00000000f5500000, 0x0000000100000000, 0x0000000100000000)
  eden space 135168K, 0% used [0x00000000f5500000,0x00000000f5500000,0x00000000fd900000)
  from space 5120K, 99% used [0x00000000fd900000,0x00000000fddf8400,0x00000000fde00000)
  to   space 5120K, 0% used [0x00000000ffb00000,0x00000000ffb00000,0x0000000100000000)
 ParOldGen       total 87040K, used 68212K [0x00000000e0000000, 0x00000000e5500000, 0x00000000f5500000)
  object space 87040K, 78% used [0x00000000e0000000,0x00000000e429d080,0x00000000e5500000)
 PSPermGen       total 24064K, used 17567K [0x00000000dae00000, 0x00000000dc580000, 0x00000000e0000000)
  object space 24064K, 73% used [0x00000000dae00000,0x00000000dbf27d70,0x00000000dc580000)
}
Event: 3.188 GC heap before
{Heap before GC invocations=7 (full 2):
 PSYoungGen      total 140288K, used 5089K [0x00000000f5500000, 0x0000000100000000, 0x0000000100000000)
  eden space 135168K, 0% used [0x00000000f5500000,0x00000000f5500000,0x00000000fd900000)
  from space 5120K, 99% used [0x00000000fd900000,0x00000000fddf8400,0x00000000fde00000)
  to   space 5120K, 0% used [0x00000000ffb00000,0x00000000ffb00000,0x0000000100000000)
 ParOldGen       total 87040K, used 68212K [0x00000000e0000000, 0x00000000e5500000, 0x00000000f5500000)
  object space 87040K, 78% used [0x00000000e0000000,0x00000000e429d080,0x00000000e5500000)
 PSPermGen       total 24064K, used 17567K [0x00000000dae00000, 0x00000000dc580000, 0x00000000e0000000)
  object space 24064K, 73% used [0x00000000dae00000,0x00000000dbf27d70,0x00000000dc580000)
Event: 3.572 GC heap after
Heap after GC invocations=7 (full 2):
 PSYoungGen      total 140288K, used 0K [0x00000000f5500000, 0x0000000100000000, 0x0000000100000000)
  eden space 135168K, 0% used [0x00000000f5500000,0x00000000f5500000,0x00000000fd900000)
  from space 5120K, 0% used [0x00000000fd900000,0x00000000fd900000,0x00000000fde00000)
  to   space 5120K, 0% used [0x00000000ffb00000,0x00000000ffb00000,0x0000000100000000)
 ParOldGen       total 161792K, used 70492K [0x00000000e0000000, 0x00000000e9e00000, 0x00000000f5500000)
  object space 161792K, 43% used [0x00000000e0000000,0x00000000e44d72f0,0x00000000e9e00000)
 PSPermGen       total 31232K, used 17563K [0x00000000dae00000, 0x00000000dcc80000, 0x00000000e0000000)
  object space 31232K, 56% used [0x00000000dae00000,0x00000000dbf26da0,0x00000000dcc80000)
}

Deoptimization events (10 events):
Event: 2.650 Thread 0x00000000002ce800 Uncommon trap: reason=array_check action=maybe_recompile pc=0x00000000027f877c method=java.io.ObjectInputStream.readArray(Z)Ljava/lang/Object; @ 406
Event: 2.650 Thread 0x00000000002ce800 Uncommon trap: reason=array_check action=maybe_recompile pc=0x00000000027f877c method=java.io.ObjectInputStream.readArray(Z)Ljava/lang/Object; @ 406
Event: 2.650 Thread 0x00000000002ce800 Uncommon trap: reason=array_check action=maybe_recompile pc=0x00000000027f877c method=java.io.ObjectInputStream.readArray(Z)Ljava/lang/Object; @ 406
Event: 4.327 Thread 0x0000000009f0c800 Uncommon trap: reason=unloaded action=reinterpret pc=0x0000000002747388 method=java.io.ObjectInputStream$BlockDataInputStream.peekByte()B @ 9
Event: 4.332 Thread 0x0000000009f0c800 Uncommon trap: reason=array_check action=maybe_recompile pc=0x00000000028094d8 method=java.util.Arrays.fill([Ljava/lang/Object;IILjava/lang/Object;)V @ 20
Event: 4.332 Thread 0x0000000009f0c800 Uncommon trap: reason=array_check action=maybe_recompile pc=0x00000000028094d8 method=java.util.Arrays.fill([Ljava/lang/Object;IILjava/lang/Object;)V @ 20
Event: 4.332 Thread 0x0000000009f0c800 Uncommon trap: reason=array_check action=maybe_recompile pc=0x00000000028094d8 method=java.util.Arrays.fill([Ljava/lang/Object;IILjava/lang/Object;)V @ 20
Event: 4.332 Thread 0x0000000009f0c800 Uncommon trap: reason=array_check action=maybe_recompile pc=0x00000000028094d8 method=java.util.Arrays.fill([Ljava/lang/Object;IILjava/lang/Object;)V @ 20
Event: 4.345 Thread 0x0000000009f0c800 Uncommon trap: reason=unreached action=reinterpret pc=0x000000000275177c method=java.io.ObjectInputStream.defaultReadFields(Ljava/lang/Object;Ljava/io/ObjectStreamClass;)V @ 39
Event: 4.346 Thread 0x0000000009f0c800 Uncommon trap: reason=unloaded action=reinterpret pc=0x000000000273dac4 method=java.io.ObjectInputStream$BlockDataInputStream.peekByte()B @ 9

Internal exceptions (10 events):
Event: 2.572 Thread 0x00000000002ce800 Implicit null exception at 0x000000000279f79c to 0x000000000279fd1d
Event: 2.582 Thread 0x000000000aa7f000 Threw 0x00000000f7b22cb0 at C:\re\jdk7u45\229\hotspot\src\share\vm\prims\jvm.cpp:1244
Event: 2.590 Thread 0x0000000009e63000 Threw 0x00000000fae07058 at C:\re\jdk7u45\229\hotspot\src\share\vm\prims\jni.cpp:717
Event: 4.268 Thread 0x0000000009f0c800 Threw 0x00000000f9136728 at C:\re\jdk7u45\229\hotspot\src\share\vm\prims\jvm.cpp:1244
Event: 4.269 Thread 0x0000000009f0c800 Threw 0x00000000f913eef0 at C:\re\jdk7u45\229\hotspot\src\share\vm\prims\jvm.cpp:1244
Event: 4.269 Thread 0x0000000009f0c800 Threw 0x00000000f91467f0 at C:\re\jdk7u45\229\hotspot\src\share\vm\prims\jvm.cpp:1244
Event: 4.270 Thread 0x0000000009f0c800 Threw 0x00000000f914e0f0 at C:\re\jdk7u45\229\hotspot\src\share\vm\prims\jvm.cpp:1244
Event: 4.270 Thread 0x0000000009f0c800 Threw 0x00000000f91559f0 at C:\re\jdk7u45\229\hotspot\src\share\vm\prims\jvm.cpp:1244
Event: 4.270 Thread 0x0000000009f0c800 Threw 0x00000000f915d2f0 at C:\re\jdk7u45\229\hotspot\src\share\vm\prims\jvm.cpp:1244
Event: 4.345 Thread 0x0000000009f0c800 Implicit null exception at 0x000000000274fec8 to 0x0000000002751761

Events (10 events):
Event: 4.332 Thread 0x0000000009f0c800 DEOPT UNPACKING pc=0x0000000002699064 sp=0x000000000a4cf270 mode 2
Event: 4.332 Thread 0x0000000009f0c800 Uncommon trap: trap_request=0xffffffd6 fr.pc=0x00000000028094d8
Event: 4.332 Thread 0x0000000009f0c800 DEOPT PACKING pc=0x00000000028094d8 sp=0x000000000a4cf2a0
Event: 4.332 Thread 0x0000000009f0c800 DEOPT UNPACKING pc=0x0000000002699064 sp=0x000000000a4cf270 mode 2
Event: 4.345 Thread 0x0000000009f0c800 Uncommon trap: trap_request=0xffffffad fr.pc=0x000000000275177c
Event: 4.345 Thread 0x0000000009f0c800 DEOPT PACKING pc=0x000000000275177c sp=0x000000000a4cf230
Event: 4.345 Thread 0x0000000009f0c800 DEOPT UNPACKING pc=0x0000000002699064 sp=0x000000000a4cf1a0 mode 2
Event: 4.346 Thread 0x0000000009f0c800 Uncommon trap: trap_request=0x000000b3 fr.pc=0x000000000273dac4
Event: 4.346 Thread 0x0000000009f0c800 DEOPT PACKING pc=0x000000000273dac4 sp=0x000000000a4cf370
Event: 4.346 Thread 0x0000000009f0c800 DEOPT UNPACKING pc=0x0000000002699064 sp=0x000000000a4cf318 mode 2


Dynamic libraries:
0x000000013fef0000 - 0x000000013ff23000 	C:\Program Files\Java\jdk1.7.0_45\jre\bin\java.exe
0x0000000077770000 - 0x0000000077919000 	C:\Windows\SYSTEM32\ntdll.dll
0x0000000077650000 - 0x000000007776f000 	C:\Windows\system32\kernel32.dll
0x000007fefd780000 - 0x000007fefd7eb000 	C:\Windows\system32\KERNELBASE.dll
0x000007fefe010000 - 0x000007fefe0eb000 	C:\Windows\system32\ADVAPI32.dll
0x000007fefe590000 - 0x000007fefe62f000 	C:\Windows\system32\msvcrt.dll
0x000007fefeb50000 - 0x000007fefeb6f000 	C:\Windows\SYSTEM32\sechost.dll
0x000007fefe9a0000 - 0x000007fefeacd000 	C:\Windows\system32\RPCRT4.dll
0x0000000077550000 - 0x000000007764a000 	C:\Windows\system32\USER32.dll
0x000007fefe520000 - 0x000007fefe587000 	C:\Windows\system32\GDI32.dll
0x000007fefece0000 - 0x000007fefecee000 	C:\Windows\system32\LPK.dll
0x000007fefe450000 - 0x000007fefe519000 	C:\Windows\system32\USP10.dll
0x000007fefbb70000 - 0x000007fefbd64000 	C:\Windows\WinSxS\amd64_microsoft.windows.common-controls_6595b64144ccf1df_6.0.7601.17514_none_fa396087175ac9ac\COMCTL32.dll
0x000007fefebc0000 - 0x000007fefec31000 	C:\Windows\system32\SHLWAPI.dll
0x000007fefdac0000 - 0x000007fefdaee000 	C:\Windows\system32\IMM32.DLL
0x000007fefe630000 - 0x000007fefe739000 	C:\Windows\system32\MSCTF.dll
0x000000006dfd0000 - 0x000000006e0a2000 	C:\Program Files\Java\jdk1.7.0_45\jre\bin\msvcr100.dll
0x000000005e460000 - 0x000000005ec29000 	C:\Program Files\Java\jdk1.7.0_45\jre\bin\server\jvm.dll
0x000007fef2320000 - 0x000007fef2329000 	C:\Windows\system32\WSOCK32.dll
0x000007fefeb70000 - 0x000007fefebbd000 	C:\Windows\system32\WS2_32.dll
0x000007fefe440000 - 0x000007fefe448000 	C:\Windows\system32\NSI.dll
0x000007fefb570000 - 0x000007fefb5ab000 	C:\Windows\system32\WINMM.dll
0x0000000077930000 - 0x0000000077937000 	C:\Windows\system32\PSAPI.DLL
0x0000000070720000 - 0x000000007072f000 	C:\Program Files\Java\jdk1.7.0_45\jre\bin\verify.dll
0x000000006e2d0000 - 0x000000006e2f8000 	C:\Program Files\Java\jdk1.7.0_45\jre\bin\java.dll
0x000000006e370000 - 0x000000006e385000 	C:\Program Files\Java\jdk1.7.0_45\jre\bin\zip.dll
0x000000006e350000 - 0x000000006e369000 	C:\Program Files\Java\jdk1.7.0_45\jre\bin\net.dll
0x000007fefcda0000 - 0x000007fefcdf5000 	C:\Windows\system32\mswsock.dll
0x000007fefcd90000 - 0x000007fefcd97000 	C:\Windows\System32\wship6.dll
0x000000006e2b0000 - 0x000000006e2c1000 	C:\Program Files\Java\jdk1.7.0_45\jre\bin\nio.dll
0x000007fefb3e0000 - 0x000007fefb3f5000 	C:\Windows\system32\NLAapi.dll
0x000007fefb250000 - 0x000007fefb265000 	C:\Windows\system32\napinsp.dll
0x000007fefb230000 - 0x000007fefb249000 	C:\Windows\system32\pnrpnsp.dll
0x000007fefcc20000 - 0x000007fefcc7b000 	C:\Windows\system32\DNSAPI.dll
0x000007fefb220000 - 0x000007fefb22b000 	C:\Windows\System32\winrnr.dll
0x000000006eb90000 - 0x000000006ebb6000 	C:\Program Files\Bonjour\mdnsNSP.dll
0x000007fefb1d0000 - 0x000007fefb1f7000 	C:\Windows\system32\Iphlpapi.DLL
0x000007fefb1b0000 - 0x000007fefb1bb000 	C:\Windows\system32\WINNSI.DLL
0x000007fefc740000 - 0x000007fefc747000 	C:\Windows\System32\wshtcpip.dll
0x000007fef8140000 - 0x000007fef8148000 	C:\Windows\system32\rasadhlp.dll
0x000007fefadc0000 - 0x000007fefae13000 	C:\Windows\System32\fwpuclnt.dll
0x000007fefce00000 - 0x000007fefce17000 	C:\Windows\system32\CRYPTSP.dll
0x000007fefcb00000 - 0x000007fefcb47000 	C:\Windows\system32\rsaenh.dll
0x000007fefc880000 - 0x000007fefc89e000 	C:\Windows\system32\USERENV.dll
0x000007fefd530000 - 0x000007fefd53f000 	C:\Windows\system32\profapi.dll
0x000007fefd460000 - 0x000007fefd46f000 	C:\Windows\system32\CRYPTBASE.dll
0x000000005e030000 - 0x000000005e1c5000 	C:\Program Files\Java\jdk1.7.0_45\jre\bin\awt.dll
0x000007fefdf30000 - 0x000007fefe007000 	C:\Windows\system32\OLEAUT32.dll
0x000007fefdaf0000 - 0x000007fefdcf3000 	C:\Windows\system32\ole32.dll
0x000000006e280000 - 0x000000006e2a4000 	C:\Program Files\Java\jdk1.7.0_45\jre\bin\sunec.dll
0x00000000707a0000 - 0x00000000707ab000 	C:\Program Files\Java\jdk1.7.0_45\jre\bin\sunmscapi.dll
0x000007fefd5e0000 - 0x000007fefd74c000 	C:\Windows\system32\CRYPT32.dll
0x000007fefd5d0000 - 0x000007fefd5df000 	C:\Windows\system32\MSASN1.dll
0x0000000070450000 - 0x000000007045b000 	C:\Program Files\Java\jdk1.7.0_45\jre\bin\management.dll
0x000007fefb790000 - 0x000007fefb7a8000 	C:\Windows\system32\DWMAPI.DLL
0x000007fef18f0000 - 0x000007fef1a15000 	C:\Windows\system32\dbghelp.dll

VM Arguments:
jvm_args: -Xmx512m -Dgwt.args=-war D:\GithubPublic\Util\UtilClient\target/www-test -logLevel INFO -nodevMode -nocheckAssertions -XclusterFunctions -XcheckCasts -XclassMetadata -XcodeSplitting -draftCompile -XinlineLiteralParameters -XoptimizeDataflow -XordinalizeEnums -runStandardsMode -XremoveDuplicateFunctions -noshowUi -sourceLevel 1.7 -testBeginTimeout 1 -testMethodTimeout 5 -Xtries 1 -optimize 0 -precompile simple -runStyle HtmlUnit:FF17 -Dsurefire.reports=D:\GithubPublic\Util\UtilClient\target\surefire-reports 
java_command: org.codehaus.mojo.gwt.test.MavenTestRunner com.blockwithme.util.client.test.GwtTestUtilSuite
Launcher Type: SUN_STANDARD

Environment Variables:
JAVA_HOME=C:\Program Files\Java\jdk1.7.0_45
PATH=C:\cygwin\usr\local\bin;C:\cygwin\bin;C:\Program Files (x86)\NVIDIA Corporation\PhysX\Common;C:\Windows\system32;C:\Windows;C:\Windows\System32\Wbem;C:\Windows\System32\WindowsPowerShell\v1.0;C:\apache-ant-1.8.4\bin;C:\apache-maven-3.0.4\bin;C:\Program Files\Java\jdk1.7.0_45\bin;C:\Program Files\vim73;C:\Program Files\SlikSvn\bin;C:\Program Files\TortoiseGit\bin;C:\Program Files (x86)\QuickTime\QTSystem;C:\HaxeToolkit\haxe;C:\HaxeToolkit\neko;C:\Program Files\smartmontools\bin;C:\HaxeToolkit\haxe;C:\HaxeToolkit\neko
USERNAME=monster
SHELL=/bin/bash
OS=Windows_NT
PROCESSOR_IDENTIFIER=Intel64 Family 6 Model 23 Stepping 7, GenuineIntel



---------------  S Y S T E M  ---------------

OS: Windows 7 , 64 bit Build 7601 Service Pack 1

CPU:total 4 (4 cores per cpu, 1 threads per core) family 6 model 23 stepping 7, cmov, cx8, fxsr, mmx, sse, sse2, sse3, ssse3, sse4.1, tsc

Memory: 4k page, physical 8387752k(3452768k free), swap 16773640k(10980016k free)

vm_info: Java HotSpot(TM) 64-Bit Server VM (24.45-b08) for windows-amd64 JRE (1.7.0_45-b18), built on Oct  8 2013 05:47:22 by "java_re" with unknown MS VC++:1600

time: Wed May 14 22:35:13 2014
elapsed time: 4 seconds

